-------------------------------------------------------------------------------
Test set: com.api.rentcar.Test.ReservationTest
-------------------------------------------------------------------------------
Tests run: 1, Failures: 0, Errors: 1, Skipped: 0, Time elapsed: 0.042 s <<< FAILURE! - in com.api.rentcar.Test.ReservationTest
AcceptOrNo  Time elapsed: 0.023 s  <<< ERROR!
com.api.rentcar.shared.exception.ResourceNotFoundException: RESERVATION with id 10 not found
	at com.api.rentcar.Test.ReservationTest.AcceptOrNo(ReservationTest.java:44)

